{"C:\\Users\\Markus\\Documents\\Code\\webdev-prosjekter\\IT2810-webdev\\src\\components\\searchfield\\SearchField.tsx": {"path":"C:\\Users\\Markus\\Documents\\Code\\webdev-prosjekter\\IT2810-webdev\\src\\components\\searchfield\\SearchField.tsx","all":false,"statementMap":{"0":{"start":{"line":1,"column":0},"end":{"line":1,"column":33}},"1":{"start":{"line":2,"column":0},"end":{"line":2,"column":27}},"2":{"start":{"line":3,"column":0},"end":{"line":3,"column":47}},"3":{"start":{"line":4,"column":0},"end":{"line":4,"column":49}},"4":{"start":{"line":5,"column":0},"end":{"line":5,"column":0}},"5":{"start":{"line":6,"column":0},"end":{"line":6,"column":27}},"6":{"start":{"line":7,"column":0},"end":{"line":7,"column":51}},"7":{"start":{"line":8,"column":0},"end":{"line":8,"column":33}},"8":{"start":{"line":9,"column":0},"end":{"line":9,"column":0}},"9":{"start":{"line":10,"column":0},"end":{"line":10,"column":10}},"10":{"start":{"line":11,"column":0},"end":{"line":11,"column":45}},"11":{"start":{"line":12,"column":0},"end":{"line":12,"column":12}},"12":{"start":{"line":13,"column":0},"end":{"line":13,"column":21}},"13":{"start":{"line":14,"column":0},"end":{"line":14,"column":34}},"14":{"start":{"line":15,"column":0},"end":{"line":15,"column":31}},"15":{"start":{"line":16,"column":0},"end":{"line":16,"column":26}},"16":{"start":{"line":17,"column":0},"end":{"line":17,"column":55}},"17":{"start":{"line":18,"column":0},"end":{"line":18,"column":8}},"18":{"start":{"line":19,"column":0},"end":{"line":19,"column":12}},"19":{"start":{"line":20,"column":0},"end":{"line":20,"column":20}},"20":{"start":{"line":21,"column":0},"end":{"line":21,"column":24}},"21":{"start":{"line":22,"column":0},"end":{"line":22,"column":39}},"22":{"start":{"line":23,"column":0},"end":{"line":23,"column":72}},"23":{"start":{"line":24,"column":0},"end":{"line":24,"column":8}},"24":{"start":{"line":25,"column":0},"end":{"line":25,"column":11}},"25":{"start":{"line":26,"column":0},"end":{"line":26,"column":4}},"26":{"start":{"line":27,"column":0},"end":{"line":27,"column":2}},"27":{"start":{"line":28,"column":0},"end":{"line":28,"column":27}}},"s":{"0":1,"1":1,"2":1,"3":1,"4":1,"5":1,"6":7,"7":7,"8":7,"9":7,"10":7,"11":7,"12":7,"13":7,"14":7,"15":7,"16":7,"17":7,"18":7,"19":7,"20":7,"21":7,"22":7,"23":7,"24":7,"25":7,"26":7,"27":1},"branchMap":{"0":{"type":"branch","line":6,"loc":{"start":{"line":6,"column":20},"end":{"line":27,"column":2}},"locations":[{"start":{"line":6,"column":20},"end":{"line":27,"column":2}}]},"1":{"type":"branch","line":17,"loc":{"start":{"line":17,"column":18},"end":{"line":17,"column":55}},"locations":[{"start":{"line":17,"column":18},"end":{"line":17,"column":55}}]},"2":{"type":"branch","line":23,"loc":{"start":{"line":23,"column":17},"end":{"line":23,"column":72}},"locations":[{"start":{"line":23,"column":17},"end":{"line":23,"column":72}}]}},"b":{"0":[7],"1":[3],"2":[2]},"fnMap":{"0":{"name":"SearchField","decl":{"start":{"line":6,"column":20},"end":{"line":27,"column":2}},"loc":{"start":{"line":6,"column":20},"end":{"line":27,"column":2}},"line":6},"1":{"name":"onChange","decl":{"start":{"line":17,"column":18},"end":{"line":17,"column":55}},"loc":{"start":{"line":17,"column":18},"end":{"line":17,"column":55}},"line":17},"2":{"name":"onClick","decl":{"start":{"line":23,"column":17},"end":{"line":23,"column":72}},"loc":{"start":{"line":23,"column":17},"end":{"line":23,"column":72}},"line":23}},"f":{"0":7,"1":3,"2":2}}
}
