{
  "/Users/sondrealfnes/Documents/NTNU/IT2810-webdev/src/components/favouriteButton/FavouriteButton.tsx": {
    "path": "/Users/sondrealfnes/Documents/NTNU/IT2810-webdev/src/components/favouriteButton/FavouriteButton.tsx",
    "all": false,
    "statementMap": {
      "0": {
        "start": { "line": 1, "column": 0 },
        "end": { "line": 1, "column": 31 }
      },
      "1": {
        "start": { "line": 2, "column": 0 },
        "end": { "line": 2, "column": 44 }
      },
      "2": {
        "start": { "line": 3, "column": 0 },
        "end": { "line": 3, "column": 0 }
      },
      "3": {
        "start": { "line": 4, "column": 0 },
        "end": { "line": 4, "column": 53 }
      },
      "4": {
        "start": { "line": 5, "column": 0 },
        "end": { "line": 5, "column": 45 }
      },
      "5": {
        "start": { "line": 6, "column": 0 },
        "end": { "line": 6, "column": 15 }
      },
      "6": {
        "start": { "line": 7, "column": 0 },
        "end": { "line": 7, "column": 69 }
      },
      "7": {
        "start": { "line": 8, "column": 0 },
        "end": { "line": 8, "column": 17 }
      },
      "8": {
        "start": { "line": 9, "column": 0 },
        "end": { "line": 9, "column": 0 }
      },
      "9": {
        "start": { "line": 10, "column": 0 },
        "end": { "line": 10, "column": 50 }
      },
      "10": {
        "start": { "line": 11, "column": 0 },
        "end": { "line": 11, "column": 0 }
      },
      "11": {
        "start": { "line": 12, "column": 0 },
        "end": { "line": 12, "column": 19 }
      },
      "12": {
        "start": { "line": 13, "column": 0 },
        "end": { "line": 13, "column": 22 }
      },
      "13": {
        "start": { "line": 14, "column": 0 },
        "end": { "line": 14, "column": 12 }
      },
      "14": {
        "start": { "line": 15, "column": 0 },
        "end": { "line": 15, "column": 11 }
      },
      "15": {
        "start": { "line": 16, "column": 0 },
        "end": { "line": 16, "column": 48 }
      },
      "16": {
        "start": { "line": 17, "column": 0 },
        "end": { "line": 17, "column": 10 }
      },
      "17": {
        "start": { "line": 18, "column": 0 },
        "end": { "line": 18, "column": 42 }
      },
      "18": {
        "start": { "line": 19, "column": 0 },
        "end": { "line": 19, "column": 18 }
      },
      "19": {
        "start": { "line": 20, "column": 0 },
        "end": { "line": 20, "column": 19 }
      },
      "20": {
        "start": { "line": 21, "column": 0 },
        "end": { "line": 21, "column": 18 }
      },
      "21": {
        "start": { "line": 22, "column": 0 },
        "end": { "line": 22, "column": 27 }
      },
      "22": {
        "start": { "line": 23, "column": 0 },
        "end": { "line": 23, "column": 25 }
      },
      "23": {
        "start": { "line": 24, "column": 0 },
        "end": { "line": 24, "column": 30 }
      },
      "24": {
        "start": { "line": 25, "column": 0 },
        "end": { "line": 25, "column": 0 }
      },
      "25": {
        "start": { "line": 26, "column": 0 },
        "end": { "line": 26, "column": 93 }
      },
      "26": {
        "start": { "line": 27, "column": 0 },
        "end": { "line": 27, "column": 14 }
      },
      "27": {
        "start": { "line": 28, "column": 0 },
        "end": { "line": 28, "column": 13 }
      },
      "28": {
        "start": { "line": 29, "column": 0 },
        "end": { "line": 29, "column": 79 }
      },
      "29": {
        "start": { "line": 30, "column": 0 },
        "end": { "line": 30, "column": 26 }
      },
      "30": {
        "start": { "line": 31, "column": 0 },
        "end": { "line": 31, "column": 13 }
      },
      "31": {
        "start": { "line": 32, "column": 0 },
        "end": { "line": 32, "column": 33 }
      },
      "32": {
        "start": { "line": 33, "column": 0 },
        "end": { "line": 33, "column": 26 }
      },
      "33": {
        "start": { "line": 34, "column": 0 },
        "end": { "line": 34, "column": 29 }
      },
      "34": {
        "start": { "line": 35, "column": 0 },
        "end": { "line": 35, "column": 131 }
      },
      "35": {
        "start": { "line": 36, "column": 0 },
        "end": { "line": 36, "column": 17 }
      },
      "36": {
        "start": { "line": 37, "column": 0 },
        "end": { "line": 37, "column": 29 }
      },
      "37": {
        "start": { "line": 38, "column": 0 },
        "end": { "line": 38, "column": 61 }
      },
      "38": {
        "start": { "line": 39, "column": 0 },
        "end": { "line": 39, "column": 31 }
      },
      "39": {
        "start": { "line": 40, "column": 0 },
        "end": { "line": 40, "column": 44 }
      },
      "40": {
        "start": { "line": 41, "column": 0 },
        "end": { "line": 41, "column": 15 }
      },
      "41": {
        "start": { "line": 42, "column": 0 },
        "end": { "line": 42, "column": 14 }
      },
      "42": {
        "start": { "line": 43, "column": 0 },
        "end": { "line": 43, "column": 32 }
      },
      "43": {
        "start": { "line": 44, "column": 0 },
        "end": { "line": 44, "column": 18 }
      },
      "44": {
        "start": { "line": 45, "column": 0 },
        "end": { "line": 45, "column": 87 }
      },
      "45": {
        "start": { "line": 46, "column": 0 },
        "end": { "line": 46, "column": 33 }
      },
      "46": {
        "start": { "line": 47, "column": 0 },
        "end": { "line": 47, "column": 26 }
      },
      "47": {
        "start": { "line": 48, "column": 0 },
        "end": { "line": 48, "column": 29 }
      },
      "48": {
        "start": { "line": 49, "column": 0 },
        "end": { "line": 49, "column": 123 }
      },
      "49": {
        "start": { "line": 50, "column": 0 },
        "end": { "line": 50, "column": 17 }
      },
      "50": {
        "start": { "line": 51, "column": 0 },
        "end": { "line": 51, "column": 29 }
      },
      "51": {
        "start": { "line": 52, "column": 0 },
        "end": { "line": 52, "column": 61 }
      },
      "52": {
        "start": { "line": 53, "column": 0 },
        "end": { "line": 53, "column": 31 }
      },
      "53": {
        "start": { "line": 54, "column": 0 },
        "end": { "line": 54, "column": 30 }
      },
      "54": {
        "start": { "line": 55, "column": 0 },
        "end": { "line": 55, "column": 15 }
      },
      "55": {
        "start": { "line": 56, "column": 0 },
        "end": { "line": 56, "column": 14 }
      },
      "56": {
        "start": { "line": 57, "column": 0 },
        "end": { "line": 57, "column": 31 }
      },
      "57": {
        "start": { "line": 58, "column": 0 },
        "end": { "line": 58, "column": 11 }
      },
      "58": {
        "start": { "line": 59, "column": 0 },
        "end": { "line": 59, "column": 10 }
      },
      "59": {
        "start": { "line": 60, "column": 0 },
        "end": { "line": 60, "column": 7 }
      },
      "60": {
        "start": { "line": 61, "column": 0 },
        "end": { "line": 61, "column": 13 }
      },
      "61": {
        "start": { "line": 62, "column": 0 },
        "end": { "line": 62, "column": 25 }
      },
      "62": {
        "start": { "line": 63, "column": 0 },
        "end": { "line": 63, "column": 21 }
      },
      "63": {
        "start": { "line": 64, "column": 0 },
        "end": { "line": 64, "column": 44 }
      },
      "64": {
        "start": { "line": 65, "column": 0 },
        "end": { "line": 65, "column": 43 }
      },
      "65": {
        "start": { "line": 66, "column": 0 },
        "end": { "line": 66, "column": 13 }
      },
      "66": {
        "start": { "line": 67, "column": 0 },
        "end": { "line": 67, "column": 649 }
      },
      "67": {
        "start": { "line": 68, "column": 0 },
        "end": { "line": 68, "column": 10 }
      },
      "68": {
        "start": { "line": 69, "column": 0 },
        "end": { "line": 69, "column": 12 }
      },
      "69": {
        "start": { "line": 70, "column": 0 },
        "end": { "line": 70, "column": 10 }
      },
      "70": {
        "start": { "line": 71, "column": 0 },
        "end": { "line": 71, "column": 4 }
      },
      "71": {
        "start": { "line": 72, "column": 0 },
        "end": { "line": 72, "column": 2 }
      },
      "72": {
        "start": { "line": 73, "column": 0 },
        "end": { "line": 73, "column": 31 }
      }
    },
    "s": {
      "0": 1,
      "1": 1,
      "2": 1,
      "3": 1,
      "4": 10,
      "5": 10,
      "6": 10,
      "7": 10,
      "8": 10,
      "9": 10,
      "10": 10,
      "11": 10,
      "12": 7,
      "13": 10,
      "14": 10,
      "15": 10,
      "16": 10,
      "17": 10,
      "18": 10,
      "19": 10,
      "20": 10,
      "21": 10,
      "22": 10,
      "23": 3,
      "24": 3,
      "25": 3,
      "26": 3,
      "27": 3,
      "28": 3,
      "29": 3,
      "30": 3,
      "31": 1,
      "32": 1,
      "33": 1,
      "34": 1,
      "35": 1,
      "36": 1,
      "37": 1,
      "38": 1,
      "39": 1,
      "40": 1,
      "41": 1,
      "42": 1,
      "43": 3,
      "44": 2,
      "45": 2,
      "46": 2,
      "47": 2,
      "48": 2,
      "49": 2,
      "50": 2,
      "51": 2,
      "52": 2,
      "53": 2,
      "54": 2,
      "55": 2,
      "56": 2,
      "57": 2,
      "58": 3,
      "59": 10,
      "60": 10,
      "61": 10,
      "62": 10,
      "63": 5,
      "64": 5,
      "65": 10,
      "66": 10,
      "67": 10,
      "68": 10,
      "69": 10,
      "70": 10,
      "71": 10,
      "72": 1
    },
    "branchMap": {
      "0": {
        "type": "branch",
        "line": 4,
        "loc": {
          "start": { "line": 4, "column": 24 },
          "end": { "line": 72, "column": 2 }
        },
        "locations": [
          {
            "start": { "line": 4, "column": 24 },
            "end": { "line": 72, "column": 2 }
          }
        ]
      },
      "1": {
        "type": "branch",
        "line": 7,
        "loc": {
          "start": { "line": 7, "column": 47 },
          "end": { "line": 7, "column": 56 }
        },
        "locations": [
          {
            "start": { "line": 7, "column": 47 },
            "end": { "line": 7, "column": 56 }
          }
        ]
      },
      "2": {
        "type": "branch",
        "line": 63,
        "loc": {
          "start": { "line": 63, "column": 12 },
          "end": { "line": 64, "column": 44 }
        },
        "locations": [
          {
            "start": { "line": 63, "column": 12 },
            "end": { "line": 64, "column": 44 }
          }
        ]
      },
      "3": {
        "type": "branch",
        "line": 64,
        "loc": {
          "start": { "line": 64, "column": 16 },
          "end": { "line": 65, "column": 43 }
        },
        "locations": [
          {
            "start": { "line": 64, "column": 16 },
            "end": { "line": 65, "column": 43 }
          }
        ]
      },
      "4": {
        "type": "branch",
        "line": 12,
        "loc": {
          "start": { "line": 12, "column": 12 },
          "end": { "line": 14, "column": 5 }
        },
        "locations": [
          {
            "start": { "line": 12, "column": 12 },
            "end": { "line": 14, "column": 5 }
          }
        ]
      },
      "5": {
        "type": "branch",
        "line": 23,
        "loc": {
          "start": { "line": 23, "column": 17 },
          "end": { "line": 59, "column": 10 }
        },
        "locations": [
          {
            "start": { "line": 23, "column": 17 },
            "end": { "line": 59, "column": 10 }
          }
        ]
      },
      "6": {
        "type": "branch",
        "line": 29,
        "loc": {
          "start": { "line": 29, "column": 57 },
          "end": { "line": 29, "column": 66 }
        },
        "locations": [
          {
            "start": { "line": 29, "column": 57 },
            "end": { "line": 29, "column": 66 }
          }
        ]
      },
      "7": {
        "type": "branch",
        "line": 31,
        "loc": {
          "start": { "line": 31, "column": 12 },
          "end": { "line": 44, "column": 17 }
        },
        "locations": [
          {
            "start": { "line": 31, "column": 12 },
            "end": { "line": 44, "column": 17 }
          }
        ]
      },
      "8": {
        "type": "branch",
        "line": 38,
        "loc": {
          "start": { "line": 38, "column": 52 },
          "end": { "line": 38, "column": 61 }
        },
        "locations": [
          {
            "start": { "line": 38, "column": 52 },
            "end": { "line": 38, "column": 61 }
          }
        ]
      },
      "9": {
        "type": "branch",
        "line": 44,
        "loc": {
          "start": { "line": 44, "column": 10 },
          "end": { "line": 58, "column": 11 }
        },
        "locations": [
          {
            "start": { "line": 44, "column": 10 },
            "end": { "line": 58, "column": 11 }
          }
        ]
      },
      "10": {
        "type": "branch",
        "line": 52,
        "loc": {
          "start": { "line": 52, "column": 52 },
          "end": { "line": 52, "column": 61 }
        },
        "locations": [
          {
            "start": { "line": 52, "column": 52 },
            "end": { "line": 52, "column": 61 }
          }
        ]
      },
      "11": {
        "type": "branch",
        "line": 40,
        "loc": {
          "start": { "line": 40, "column": 25 },
          "end": { "line": 40, "column": 43 }
        },
        "locations": [
          {
            "start": { "line": 40, "column": 25 },
            "end": { "line": 40, "column": 43 }
          }
        ]
      }
    },
    "b": {
      "0": [10],
      "1": [2],
      "2": [5],
      "3": [5],
      "4": [7],
      "5": [3],
      "6": [1],
      "7": [1],
      "8": [0],
      "9": [2],
      "10": [1],
      "11": [1]
    },
    "fnMap": {
      "0": {
        "name": "FavouriteButton",
        "decl": {
          "start": { "line": 4, "column": 24 },
          "end": { "line": 72, "column": 2 }
        },
        "loc": {
          "start": { "line": 4, "column": 24 },
          "end": { "line": 72, "column": 2 }
        },
        "line": 4
      },
      "1": {
        "name": "onClick",
        "decl": {
          "start": { "line": 23, "column": 17 },
          "end": { "line": 59, "column": 10 }
        },
        "loc": {
          "start": { "line": 23, "column": 17 },
          "end": { "line": 59, "column": 10 }
        },
        "line": 23
      }
    },
    "f": { "0": 10, "1": 3 }
  }
}
